{"/Users/epfennig/Desktop/red-tetris/backend/src/Client.js": {"path":"/Users/epfennig/Desktop/red-tetris/backend/src/Client.js","statementMap":{"0":{"start":{"line":3,"column":2},"end":{"line":3,"column":23}},"1":{"start":{"line":4,"column":2},"end":{"line":4,"column":22}},"2":{"start":{"line":5,"column":2},"end":{"line":5,"column":18}},"3":{"start":{"line":8,"column":2},"end":{"line":8,"column":26}},"4":{"start":{"line":11,"column":2},"end":{"line":11,"column":29}},"5":{"start":{"line":12,"column":2},"end":{"line":12,"column":28}},"6":{"start":{"line":15,"column":2},"end":{"line":15,"column":28}},"7":{"start":{"line":18,"column":2},"end":{"line":18,"column":33}},"8":{"start":{"line":19,"column":2},"end":{"line":19,"column":40}},"9":{"start":{"line":22,"column":2},"end":{"line":22,"column":36}},"10":{"start":{"line":25,"column":2},"end":{"line":25,"column":40}},"11":{"start":{"line":28,"column":2},"end":{"line":29,"column":46}},"12":{"start":{"line":29,"column":3},"end":{"line":29,"column":46}},"13":{"start":{"line":30,"column":2},"end":{"line":31,"column":27}},"14":{"start":{"line":31,"column":3},"end":{"line":31,"column":27}}},"fnMap":{"0":{"name":"(anonymous_0)","decl":{"start":{"line":2,"column":1},"end":{"line":2,"column":2}},"loc":{"start":{"line":2,"column":21},"end":{"line":6,"column":2}},"line":2},"1":{"name":"(anonymous_1)","decl":{"start":{"line":7,"column":1},"end":{"line":7,"column":2}},"loc":{"start":{"line":7,"column":10},"end":{"line":9,"column":2}},"line":7},"2":{"name":"(anonymous_2)","decl":{"start":{"line":10,"column":1},"end":{"line":10,"column":2}},"loc":{"start":{"line":10,"column":16},"end":{"line":13,"column":2}},"line":10},"3":{"name":"(anonymous_3)","decl":{"start":{"line":14,"column":1},"end":{"line":14,"column":2}},"loc":{"start":{"line":14,"column":15},"end":{"line":16,"column":2}},"line":14},"4":{"name":"(anonymous_4)","decl":{"start":{"line":17,"column":1},"end":{"line":17,"column":2}},"loc":{"start":{"line":17,"column":20},"end":{"line":20,"column":2}},"line":17},"5":{"name":"(anonymous_5)","decl":{"start":{"line":21,"column":1},"end":{"line":21,"column":2}},"loc":{"start":{"line":21,"column":14},"end":{"line":23,"column":2}},"line":21},"6":{"name":"(anonymous_6)","decl":{"start":{"line":24,"column":1},"end":{"line":24,"column":2}},"loc":{"start":{"line":24,"column":27},"end":{"line":26,"column":2}},"line":24},"7":{"name":"(anonymous_7)","decl":{"start":{"line":27,"column":1},"end":{"line":27,"column":2}},"loc":{"start":{"line":27,"column":18},"end":{"line":32,"column":2}},"line":27}},"branchMap":{},"s":{"0":1,"1":1,"2":1,"3":11,"4":1,"5":1,"6":6,"7":2,"8":2,"9":0,"10":0,"11":1,"12":2,"13":1,"14":1},"f":{"0":1,"1":11,"2":1,"3":6,"4":2,"5":0,"6":0,"7":1},"b":{},"inputSourceMap":null,"_coverageSchema":"1a1c01bbd47fc00a2c39e90264f33305004495a9","hash":"7bf65b7c8357270337e6f63df1734e12abf4f117"}
,"/Users/epfennig/Desktop/red-tetris/backend/src/Piece.js": {"path":"/Users/epfennig/Desktop/red-tetris/backend/src/Piece.js","statementMap":{"0":{"start":{"line":3,"column":2},"end":{"line":3,"column":43}},"1":{"start":{"line":4,"column":2},"end":{"line":4,"column":13}},"2":{"start":{"line":5,"column":2},"end":{"line":5,"column":25}},"3":{"start":{"line":6,"column":2},"end":{"line":6,"column":42}},"4":{"start":{"line":6,"column":32},"end":{"line":6,"column":40}},"5":{"start":{"line":7,"column":2},"end":{"line":7,"column":20}},"6":{"start":{"line":10,"column":17},"end":{"line":10,"column":52}},"7":{"start":{"line":11,"column":2},"end":{"line":11,"column":22}},"8":{"start":{"line":12,"column":2},"end":{"line":12,"column":22}},"9":{"start":{"line":13,"column":2},"end":{"line":13,"column":18}},"10":{"start":{"line":16,"column":2},"end":{"line":34,"column":3}},"11":{"start":{"line":18,"column":3},"end":{"line":33,"column":4}},"12":{"start":{"line":20,"column":15},"end":{"line":20,"column":31}},"13":{"start":{"line":21,"column":4},"end":{"line":22,"column":15}},"14":{"start":{"line":22,"column":5},"end":{"line":22,"column":15}},"15":{"start":{"line":24,"column":13},"end":{"line":24,"column":24}},"16":{"start":{"line":25,"column":13},"end":{"line":25,"column":24}},"17":{"start":{"line":26,"column":4},"end":{"line":32,"column":19}},"18":{"start":{"line":32,"column":5},"end":{"line":32,"column":19}},"19":{"start":{"line":35,"column":2},"end":{"line":35,"column":17}},"20":{"start":{"line":38,"column":18},"end":{"line":38,"column":49}},"21":{"start":{"line":38,"column":40},"end":{"line":38,"column":48}},"22":{"start":{"line":39,"column":2},"end":{"line":41,"column":63}},"23":{"start":{"line":40,"column":3},"end":{"line":41,"column":63}},"24":{"start":{"line":41,"column":4},"end":{"line":41,"column":63}},"25":{"start":{"line":44,"column":31},"end":{"line":49,"column":22}},"26":{"start":{"line":50,"column":27},"end":{"line":55,"column":22}},"27":{"start":{"line":57,"column":25},"end":{"line":59,"column":25}},"28":{"start":{"line":61,"column":2},"end":{"line":69,"column":3}},"29":{"start":{"line":63,"column":3},"end":{"line":63,"column":26}},"30":{"start":{"line":64,"column":3},"end":{"line":68,"column":4}},"31":{"start":{"line":66,"column":4},"end":{"line":66,"column":20}},"32":{"start":{"line":67,"column":4},"end":{"line":67,"column":12}},"33":{"start":{"line":70,"column":2},"end":{"line":70,"column":25}},"34":{"start":{"line":73,"column":2},"end":{"line":73,"column":15}},"35":{"start":{"line":74,"column":2},"end":{"line":74,"column":15}},"36":{"start":{"line":75,"column":2},"end":{"line":80,"column":3}},"37":{"start":{"line":77,"column":3},"end":{"line":77,"column":16}},"38":{"start":{"line":78,"column":3},"end":{"line":78,"column":16}},"39":{"start":{"line":79,"column":3},"end":{"line":79,"column":17}},"40":{"start":{"line":81,"column":2},"end":{"line":81,"column":15}},"41":{"start":{"line":84,"column":2},"end":{"line":84,"column":32}},"42":{"start":{"line":87,"column":18},"end":{"line":87,"column":44}},"43":{"start":{"line":87,"column":35},"end":{"line":87,"column":43}},"44":{"start":{"line":88,"column":2},"end":{"line":100,"column":3}},"45":{"start":{"line":90,"column":3},"end":{"line":99,"column":4}},"46":{"start":{"line":92,"column":4},"end":{"line":98,"column":5}},"47":{"start":{"line":94,"column":14},"end":{"line":94,"column":25}},"48":{"start":{"line":95,"column":14},"end":{"line":95,"column":25}},"49":{"start":{"line":96,"column":5},"end":{"line":97,"column":39}},"50":{"start":{"line":97,"column":6},"end":{"line":97,"column":39}},"51":{"start":{"line":101,"column":2},"end":{"line":101,"column":19}},"52":{"start":{"line":107,"column":2},"end":{"line":107,"column":25}},"53":{"start":{"line":108,"column":2},"end":{"line":108,"column":13}},"54":{"start":{"line":109,"column":2},"end":{"line":109,"column":21}},"55":{"start":{"line":112,"column":14},"end":{"line":112,"column":49}},"56":{"start":{"line":113,"column":2},"end":{"line":113,"column":19}},"57":{"start":{"line":114,"column":2},"end":{"line":114,"column":17}},"58":{"start":{"line":118,"column":26},"end":{"line":182,"column":1}}},"fnMap":{"0":{"name":"(anonymous_0)","decl":{"start":{"line":2,"column":1},"end":{"line":2,"column":2}},"loc":{"start":{"line":2,"column":29},"end":{"line":8,"column":2}},"line":2},"1":{"name":"(anonymous_1)","decl":{"start":{"line":6,"column":25},"end":{"line":6,"column":26}},"loc":{"start":{"line":6,"column":32},"end":{"line":6,"column":40}},"line":6},"2":{"name":"(anonymous_2)","decl":{"start":{"line":9,"column":1},"end":{"line":9,"column":2}},"loc":{"start":{"line":9,"column":9},"end":{"line":14,"column":2}},"line":9},"3":{"name":"(anonymous_3)","decl":{"start":{"line":15,"column":1},"end":{"line":15,"column":2}},"loc":{"start":{"line":15,"column":18},"end":{"line":36,"column":2}},"line":15},"4":{"name":"(anonymous_4)","decl":{"start":{"line":37,"column":1},"end":{"line":37,"column":2}},"loc":{"start":{"line":37,"column":19},"end":{"line":71,"column":2}},"line":37},"5":{"name":"(anonymous_5)","decl":{"start":{"line":38,"column":33},"end":{"line":38,"column":34}},"loc":{"start":{"line":38,"column":40},"end":{"line":38,"column":48}},"line":38},"6":{"name":"(anonymous_6)","decl":{"start":{"line":72,"column":1},"end":{"line":72,"column":2}},"loc":{"start":{"line":72,"column":21},"end":{"line":82,"column":2}},"line":72},"7":{"name":"(anonymous_7)","decl":{"start":{"line":83,"column":1},"end":{"line":83,"column":2}},"loc":{"start":{"line":83,"column":13},"end":{"line":85,"column":2}},"line":83},"8":{"name":"(anonymous_8)","decl":{"start":{"line":86,"column":1},"end":{"line":86,"column":2}},"loc":{"start":{"line":86,"column":15},"end":{"line":102,"column":2}},"line":86},"9":{"name":"(anonymous_9)","decl":{"start":{"line":87,"column":28},"end":{"line":87,"column":29}},"loc":{"start":{"line":87,"column":35},"end":{"line":87,"column":43}},"line":87},"10":{"name":"(anonymous_10)","decl":{"start":{"line":106,"column":1},"end":{"line":106,"column":2}},"loc":{"start":{"line":106,"column":32},"end":{"line":110,"column":2}},"line":106},"11":{"name":"(anonymous_11)","decl":{"start":{"line":111,"column":1},"end":{"line":111,"column":2}},"loc":{"start":{"line":111,"column":18},"end":{"line":115,"column":2}},"line":111}},"branchMap":{"0":{"loc":{"start":{"line":21,"column":4},"end":{"line":22,"column":15}},"type":"if","locations":[{"start":{"line":21,"column":4},"end":{"line":22,"column":15}},{"start":{},"end":{}}],"line":21},"1":{"loc":{"start":{"line":26,"column":4},"end":{"line":32,"column":19}},"type":"if","locations":[{"start":{"line":26,"column":4},"end":{"line":32,"column":19}},{"start":{},"end":{}}],"line":26},"2":{"loc":{"start":{"line":27,"column":5},"end":{"line":30,"column":25}},"type":"binary-expr","locations":[{"start":{"line":27,"column":5},"end":{"line":27,"column":11}},{"start":{"line":28,"column":8},"end":{"line":28,"column":29}},{"start":{"line":29,"column":8},"end":{"line":29,"column":26}},{"start":{"line":30,"column":8},"end":{"line":30,"column":25}}],"line":27},"3":{"loc":{"start":{"line":57,"column":25},"end":{"line":59,"column":25}},"type":"cond-expr","locations":[{"start":{"line":58,"column":5},"end":{"line":58,"column":21}},{"start":{"line":59,"column":5},"end":{"line":59,"column":25}}],"line":57},"4":{"loc":{"start":{"line":64,"column":3},"end":{"line":68,"column":4}},"type":"if","locations":[{"start":{"line":64,"column":3},"end":{"line":68,"column":4}},{"start":{},"end":{}}],"line":64},"5":{"loc":{"start":{"line":75,"column":2},"end":{"line":80,"column":3}},"type":"if","locations":[{"start":{"line":75,"column":2},"end":{"line":80,"column":3}},{"start":{},"end":{}}],"line":75},"6":{"loc":{"start":{"line":92,"column":4},"end":{"line":98,"column":5}},"type":"if","locations":[{"start":{"line":92,"column":4},"end":{"line":98,"column":5}},{"start":{},"end":{}}],"line":92},"7":{"loc":{"start":{"line":96,"column":5},"end":{"line":97,"column":39}},"type":"if","locations":[{"start":{"line":96,"column":5},"end":{"line":97,"column":39}},{"start":{},"end":{}}],"line":96}},"s":{"0":14,"1":14,"2":14,"3":14,"4":51,"5":14,"6":6,"7":6,"8":6,"9":6,"10":101,"11":383,"12":1508,"13":1508,"14":1125,"15":383,"16":383,"17":383,"18":8,"19":93,"20":0,"21":0,"22":0,"23":0,"24":0,"25":0,"26":0,"27":0,"28":0,"29":0,"30":0,"31":0,"32":0,"33":0,"34":95,"35":95,"36":95,"37":5,"38":5,"39":5,"40":90,"41":95,"42":10,"43":200,"44":10,"45":40,"46":160,"47":40,"48":40,"49":40,"50":40,"51":10,"52":33,"53":33,"54":33,"55":8,"56":8,"57":8,"58":4},"f":{"0":14,"1":51,"2":6,"3":101,"4":0,"5":0,"6":95,"7":95,"8":10,"9":200,"10":33,"11":8},"b":{"0":[1125,383],"1":[8,375],"2":[383,383,381,376],"3":[0,0],"4":[0,0],"5":[5,90],"6":[40,120],"7":[40,0]},"inputSourceMap":null,"_coverageSchema":"1a1c01bbd47fc00a2c39e90264f33305004495a9","hash":"e0526f68497e9e46bb04b69e7b81668fb9ec627a"}
,"/Users/epfennig/Desktop/red-tetris/backend/src/Player.js": {"path":"/Users/epfennig/Desktop/red-tetris/backend/src/Player.js","statementMap":{"0":{"start":{"line":2,"column":13},"end":{"line":4,"column":35}},"1":{"start":{"line":4,"column":13},"end":{"line":4,"column":34}},"2":{"start":{"line":5,"column":1},"end":{"line":5,"column":16}},"3":{"start":{"line":9,"column":12},"end":{"line":9,"column":32}},"4":{"start":{"line":10,"column":1},"end":{"line":10,"column":18}},"5":{"start":{"line":11,"column":1},"end":{"line":12,"column":3}},"6":{"start":{"line":13,"column":1},"end":{"line":13,"column":13}},"7":{"start":{"line":18,"column":14},"end":{"line":18,"column":45}},"8":{"start":{"line":20,"column":1},"end":{"line":20,"column":30}},"9":{"start":{"line":21,"column":1},"end":{"line":21,"column":36}},"10":{"start":{"line":22,"column":1},"end":{"line":22,"column":14}},"11":{"start":{"line":27,"column":2},"end":{"line":27,"column":15}},"12":{"start":{"line":28,"column":2},"end":{"line":28,"column":23}},"13":{"start":{"line":29,"column":2},"end":{"line":29,"column":27}},"14":{"start":{"line":30,"column":2},"end":{"line":30,"column":19}},"15":{"start":{"line":31,"column":2},"end":{"line":31,"column":32}},"16":{"start":{"line":33,"column":2},"end":{"line":33,"column":24}},"17":{"start":{"line":34,"column":2},"end":{"line":34,"column":29}},"18":{"start":{"line":35,"column":2},"end":{"line":35,"column":24}},"19":{"start":{"line":36,"column":2},"end":{"line":36,"column":28}},"20":{"start":{"line":37,"column":2},"end":{"line":37,"column":28}},"21":{"start":{"line":39,"column":2},"end":{"line":39,"column":17}},"22":{"start":{"line":40,"column":2},"end":{"line":40,"column":17}},"23":{"start":{"line":42,"column":2},"end":{"line":42,"column":30}},"24":{"start":{"line":46,"column":18},"end":{"line":46,"column":54}},"25":{"start":{"line":48,"column":2},"end":{"line":57,"column":5}},"26":{"start":{"line":61,"column":16},"end":{"line":66,"column":4}},"27":{"start":{"line":62,"column":3},"end":{"line":64,"column":17}},"28":{"start":{"line":63,"column":4},"end":{"line":64,"column":17}},"29":{"start":{"line":64,"column":5},"end":{"line":64,"column":17}},"30":{"start":{"line":65,"column":3},"end":{"line":65,"column":15}},"31":{"start":{"line":68,"column":2},"end":{"line":78,"column":3}},"32":{"start":{"line":82,"column":18},"end":{"line":82,"column":28}},"33":{"start":{"line":83,"column":2},"end":{"line":86,"column":3}},"34":{"start":{"line":83,"column":15},"end":{"line":83,"column":16}},"35":{"start":{"line":84,"column":3},"end":{"line":84,"column":21}},"36":{"start":{"line":85,"column":3},"end":{"line":85,"column":41}},"37":{"start":{"line":87,"column":2},"end":{"line":87,"column":25}},"38":{"start":{"line":91,"column":2},"end":{"line":91,"column":37}},"39":{"start":{"line":95,"column":2},"end":{"line":96,"column":16}},"40":{"start":{"line":96,"column":3},"end":{"line":96,"column":16}},"41":{"start":{"line":97,"column":2},"end":{"line":115,"column":3}},"42":{"start":{"line":99,"column":3},"end":{"line":99,"column":80}},"43":{"start":{"line":101,"column":3},"end":{"line":101,"column":49}},"44":{"start":{"line":102,"column":3},"end":{"line":102,"column":31}},"45":{"start":{"line":104,"column":3},"end":{"line":114,"column":4}},"46":{"start":{"line":106,"column":4},"end":{"line":106,"column":25}},"47":{"start":{"line":107,"column":4},"end":{"line":107,"column":31}},"48":{"start":{"line":108,"column":4},"end":{"line":111,"column":7}},"49":{"start":{"line":112,"column":4},"end":{"line":112,"column":38}},"50":{"start":{"line":113,"column":4},"end":{"line":113,"column":17}},"51":{"start":{"line":117,"column":14},"end":{"line":117,"column":45}},"52":{"start":{"line":118,"column":2},"end":{"line":118,"column":48}},"53":{"start":{"line":120,"column":2},"end":{"line":139,"column":3}},"54":{"start":{"line":122,"column":3},"end":{"line":122,"column":50}},"55":{"start":{"line":123,"column":3},"end":{"line":123,"column":30}},"56":{"start":{"line":125,"column":23},"end":{"line":126,"column":73}},"57":{"start":{"line":126,"column":19},"end":{"line":126,"column":72}},"58":{"start":{"line":126,"column":36},"end":{"line":126,"column":71}},"59":{"start":{"line":129,"column":3},"end":{"line":129,"column":91}},"60":{"start":{"line":130,"column":3},"end":{"line":130,"column":83}},"61":{"start":{"line":131,"column":3},"end":{"line":135,"column":4}},"62":{"start":{"line":133,"column":4},"end":{"line":133,"column":49}},"63":{"start":{"line":134,"column":4},"end":{"line":134,"column":17}},"64":{"start":{"line":136,"column":3},"end":{"line":136,"column":30}},"65":{"start":{"line":138,"column":3},"end":{"line":138,"column":54}},"66":{"start":{"line":140,"column":2},"end":{"line":140,"column":22}},"67":{"start":{"line":141,"column":2},"end":{"line":141,"column":15}},"68":{"start":{"line":145,"column":2},"end":{"line":146,"column":11}},"69":{"start":{"line":146,"column":3},"end":{"line":146,"column":11}},"70":{"start":{"line":148,"column":2},"end":{"line":163,"column":11}},"71":{"start":{"line":149,"column":3},"end":{"line":149,"column":42}},"72":{"start":{"line":150,"column":7},"end":{"line":163,"column":11}},"73":{"start":{"line":151,"column":3},"end":{"line":151,"column":41}},"74":{"start":{"line":152,"column":7},"end":{"line":163,"column":11}},"75":{"start":{"line":153,"column":3},"end":{"line":153,"column":41}},"76":{"start":{"line":154,"column":7},"end":{"line":163,"column":11}},"77":{"start":{"line":156,"column":3},"end":{"line":156,"column":41}},"78":{"start":{"line":157,"column":3},"end":{"line":157,"column":19}},"79":{"start":{"line":159,"column":7},"end":{"line":163,"column":11}},"80":{"start":{"line":160,"column":3},"end":{"line":161,"column":20}},"81":{"start":{"line":161,"column":4},"end":{"line":161,"column":20}},"82":{"start":{"line":163,"column":3},"end":{"line":163,"column":11}},"83":{"start":{"line":165,"column":2},"end":{"line":165,"column":48}},"84":{"start":{"line":166,"column":2},"end":{"line":166,"column":22}}},"fnMap":{"0":{"name":"emptyBoard","decl":{"start":{"line":1,"column":16},"end":{"line":1,"column":26}},"loc":{"start":{"line":1,"column":29},"end":{"line":6,"column":1}},"line":1},"1":{"name":"(anonymous_1)","decl":{"start":{"line":4,"column":7},"end":{"line":4,"column":8}},"loc":{"start":{"line":4,"column":13},"end":{"line":4,"column":34}},"line":4},"2":{"name":"makeShadow","decl":{"start":{"line":8,"column":16},"end":{"line":8,"column":26}},"loc":{"start":{"line":8,"column":48},"end":{"line":14,"column":1}},"line":8},"3":{"name":"draw","decl":{"start":{"line":16,"column":16},"end":{"line":16,"column":20}},"loc":{"start":{"line":16,"column":42},"end":{"line":23,"column":1}},"line":16},"4":{"name":"(anonymous_4)","decl":{"start":{"line":26,"column":1},"end":{"line":26,"column":2}},"loc":{"start":{"line":26,"column":41},"end":{"line":43,"column":2}},"line":26},"5":{"name":"(anonymous_5)","decl":{"start":{"line":45,"column":1},"end":{"line":45,"column":2}},"loc":{"start":{"line":45,"column":16},"end":{"line":58,"column":2}},"line":45},"6":{"name":"(anonymous_6)","decl":{"start":{"line":60,"column":1},"end":{"line":60,"column":2}},"loc":{"start":{"line":60,"column":23},"end":{"line":79,"column":2}},"line":60},"7":{"name":"(anonymous_7)","decl":{"start":{"line":61,"column":41},"end":{"line":61,"column":42}},"loc":{"start":{"line":61,"column":51},"end":{"line":66,"column":3}},"line":61},"8":{"name":"(anonymous_8)","decl":{"start":{"line":81,"column":1},"end":{"line":81,"column":2}},"loc":{"start":{"line":81,"column":26},"end":{"line":88,"column":2}},"line":81},"9":{"name":"(anonymous_9)","decl":{"start":{"line":90,"column":1},"end":{"line":90,"column":2}},"loc":{"start":{"line":90,"column":32},"end":{"line":92,"column":2}},"line":90},"10":{"name":"(anonymous_10)","decl":{"start":{"line":94,"column":1},"end":{"line":94,"column":2}},"loc":{"start":{"line":94,"column":8},"end":{"line":142,"column":2}},"line":94},"11":{"name":"(anonymous_11)","decl":{"start":{"line":126,"column":12},"end":{"line":126,"column":13}},"loc":{"start":{"line":126,"column":19},"end":{"line":126,"column":72}},"line":126},"12":{"name":"(anonymous_12)","decl":{"start":{"line":126,"column":28},"end":{"line":126,"column":29}},"loc":{"start":{"line":126,"column":36},"end":{"line":126,"column":71}},"line":126},"13":{"name":"(anonymous_13)","decl":{"start":{"line":144,"column":1},"end":{"line":144,"column":2}},"loc":{"start":{"line":144,"column":17},"end":{"line":167,"column":2}},"line":144}},"branchMap":{"0":{"loc":{"start":{"line":63,"column":4},"end":{"line":64,"column":17}},"type":"if","locations":[{"start":{"line":63,"column":4},"end":{"line":64,"column":17}},{"start":{},"end":{}}],"line":63},"1":{"loc":{"start":{"line":63,"column":8},"end":{"line":63,"column":49}},"type":"binary-expr","locations":[{"start":{"line":63,"column":8},"end":{"line":63,"column":24}},{"start":{"line":63,"column":28},"end":{"line":63,"column":49}}],"line":63},"2":{"loc":{"start":{"line":95,"column":2},"end":{"line":96,"column":16}},"type":"if","locations":[{"start":{"line":95,"column":2},"end":{"line":96,"column":16}},{"start":{},"end":{}}],"line":95},"3":{"loc":{"start":{"line":97,"column":2},"end":{"line":115,"column":3}},"type":"if","locations":[{"start":{"line":97,"column":2},"end":{"line":115,"column":3}},{"start":{},"end":{}}],"line":97},"4":{"loc":{"start":{"line":104,"column":3},"end":{"line":114,"column":4}},"type":"if","locations":[{"start":{"line":104,"column":3},"end":{"line":114,"column":4}},{"start":{},"end":{}}],"line":104},"5":{"loc":{"start":{"line":120,"column":2},"end":{"line":139,"column":3}},"type":"if","locations":[{"start":{"line":120,"column":2},"end":{"line":139,"column":3}},{"start":{},"end":{}}],"line":120},"6":{"loc":{"start":{"line":126,"column":36},"end":{"line":126,"column":71}},"type":"binary-expr","locations":[{"start":{"line":126,"column":36},"end":{"line":126,"column":45}},{"start":{"line":126,"column":49},"end":{"line":126,"column":58}},{"start":{"line":126,"column":62},"end":{"line":126,"column":71}}],"line":126},"7":{"loc":{"start":{"line":145,"column":2},"end":{"line":146,"column":11}},"type":"if","locations":[{"start":{"line":145,"column":2},"end":{"line":146,"column":11}},{"start":{},"end":{}}],"line":145},"8":{"loc":{"start":{"line":148,"column":2},"end":{"line":163,"column":11}},"type":"if","locations":[{"start":{"line":148,"column":2},"end":{"line":163,"column":11}},{"start":{"line":150,"column":7},"end":{"line":163,"column":11}}],"line":148},"9":{"loc":{"start":{"line":150,"column":7},"end":{"line":163,"column":11}},"type":"if","locations":[{"start":{"line":150,"column":7},"end":{"line":163,"column":11}},{"start":{"line":152,"column":7},"end":{"line":163,"column":11}}],"line":150},"10":{"loc":{"start":{"line":152,"column":7},"end":{"line":163,"column":11}},"type":"if","locations":[{"start":{"line":152,"column":7},"end":{"line":163,"column":11}},{"start":{"line":154,"column":7},"end":{"line":163,"column":11}}],"line":152},"11":{"loc":{"start":{"line":154,"column":7},"end":{"line":163,"column":11}},"type":"if","locations":[{"start":{"line":154,"column":7},"end":{"line":163,"column":11}},{"start":{"line":159,"column":7},"end":{"line":163,"column":11}}],"line":154},"12":{"loc":{"start":{"line":159,"column":7},"end":{"line":163,"column":11}},"type":"if","locations":[{"start":{"line":159,"column":7},"end":{"line":163,"column":11}},{"start":{"line":163,"column":3},"end":{"line":163,"column":11}}],"line":159}},"s":{"0":6,"1":120,"2":6,"3":5,"4":5,"5":5,"6":5,"7":5,"8":5,"9":5,"10":5,"11":1,"12":1,"13":1,"14":1,"15":1,"16":1,"17":1,"18":1,"19":1,"20":1,"21":1,"22":1,"23":1,"24":5,"25":5,"26":0,"27":0,"28":0,"29":0,"30":0,"31":0,"32":1,"33":1,"34":1,"35":0,"36":0,"37":1,"38":0,"39":5,"40":0,"41":5,"42":1,"43":1,"44":1,"45":1,"46":0,"47":0,"48":0,"49":0,"50":0,"51":5,"52":5,"53":5,"54":0,"55":0,"56":0,"57":0,"58":0,"59":0,"60":0,"61":0,"62":0,"63":0,"64":0,"65":0,"66":5,"67":5,"68":1,"69":1,"70":0,"71":0,"72":0,"73":0,"74":0,"75":0,"76":0,"77":0,"78":0,"79":0,"80":0,"81":0,"82":0,"83":0,"84":0},"f":{"0":6,"1":120,"2":5,"3":5,"4":1,"5":5,"6":0,"7":0,"8":1,"9":0,"10":5,"11":0,"12":0,"13":1},"b":{"0":[0,0],"1":[0,0],"2":[0,5],"3":[1,4],"4":[0,1],"5":[0,5],"6":[0,0,0],"7":[1,0],"8":[0,0],"9":[0,0],"10":[0,0],"11":[0,0],"12":[0,0]},"inputSourceMap":null,"_coverageSchema":"1a1c01bbd47fc00a2c39e90264f33305004495a9","hash":"ff28168c341e54a3472f59f1ebefaca3ba52ec42"}
,"/Users/epfennig/Desktop/red-tetris/backend/src/Sequence.js": {"path":"/Users/epfennig/Desktop/red-tetris/backend/src/Sequence.js","statementMap":{"0":{"start":{"line":5,"column":2},"end":{"line":5,"column":21}},"1":{"start":{"line":7,"column":2},"end":{"line":22,"column":3}},"2":{"start":{"line":7,"column":15},"end":{"line":7,"column":16}},"3":{"start":{"line":8,"column":20},"end":{"line":8,"column":41}},"4":{"start":{"line":9,"column":22},"end":{"line":9,"column":39}},"5":{"start":{"line":12,"column":3},"end":{"line":20,"column":4}},"6":{"start":{"line":15,"column":4},"end":{"line":15,"column":59}},"7":{"start":{"line":16,"column":4},"end":{"line":16,"column":19}},"8":{"start":{"line":19,"column":4},"end":{"line":19,"column":110}},"9":{"start":{"line":21,"column":3},"end":{"line":21,"column":37}},"10":{"start":{"line":25,"column":2},"end":{"line":25,"column":63}}},"fnMap":{"0":{"name":"(anonymous_0)","decl":{"start":{"line":4,"column":1},"end":{"line":4,"column":2}},"loc":{"start":{"line":4,"column":26},"end":{"line":23,"column":2}},"line":4},"1":{"name":"(anonymous_1)","decl":{"start":{"line":24,"column":1},"end":{"line":24,"column":2}},"loc":{"start":{"line":24,"column":8},"end":{"line":26,"column":2}},"line":24}},"branchMap":{"0":{"loc":{"start":{"line":4,"column":13},"end":{"line":4,"column":24}},"type":"default-arg","locations":[{"start":{"line":4,"column":22},"end":{"line":4,"column":24}}],"line":4}},"s":{"0":2,"1":2,"2":2,"3":33,"4":33,"5":33,"6":231,"7":231,"8":231,"9":33,"10":13},"f":{"0":2,"1":13},"b":{"0":[1]},"inputSourceMap":null,"_coverageSchema":"1a1c01bbd47fc00a2c39e90264f33305004495a9","hash":"28147e2538e558a88e1156f69f71fbb57a0d195f"}
,"/Users/epfennig/Desktop/red-tetris/backend/src/game.js": {"path":"/Users/epfennig/Desktop/red-tetris/backend/src/game.js","statementMap":{"0":{"start":{"line":7,"column":2},"end":{"line":7,"column":15}},"1":{"start":{"line":8,"column":2},"end":{"line":8,"column":19}},"2":{"start":{"line":9,"column":2},"end":{"line":9,"column":27}},"3":{"start":{"line":10,"column":2},"end":{"line":10,"column":33}},"4":{"start":{"line":11,"column":2},"end":{"line":11,"column":23}},"5":{"start":{"line":12,"column":2},"end":{"line":12,"column":27}},"6":{"start":{"line":13,"column":2},"end":{"line":13,"column":25}},"7":{"start":{"line":14,"column":2},"end":{"line":14,"column":25}},"8":{"start":{"line":18,"column":14},"end":{"line":20,"column":70}},"9":{"start":{"line":19,"column":18},"end":{"line":20,"column":69}},"10":{"start":{"line":21,"column":2},"end":{"line":21,"column":57}},"11":{"start":{"line":25,"column":2},"end":{"line":25,"column":21}},"12":{"start":{"line":26,"column":2},"end":{"line":26,"column":46}},"13":{"start":{"line":31,"column":18},"end":{"line":31,"column":61}},"14":{"start":{"line":33,"column":2},"end":{"line":33,"column":25}},"15":{"start":{"line":35,"column":2},"end":{"line":36,"column":28}},"16":{"start":{"line":36,"column":3},"end":{"line":36,"column":28}},"17":{"start":{"line":38,"column":2},"end":{"line":38,"column":50}},"18":{"start":{"line":39,"column":2},"end":{"line":39,"column":40}},"19":{"start":{"line":43,"column":2},"end":{"line":43,"column":35}},"20":{"start":{"line":47,"column":2},"end":{"line":47,"column":26}},"21":{"start":{"line":49,"column":21},"end":{"line":49,"column":48}},"22":{"start":{"line":51,"column":2},"end":{"line":51,"column":33}},"23":{"start":{"line":53,"column":2},"end":{"line":54,"column":48}},"24":{"start":{"line":54,"column":3},"end":{"line":54,"column":48}},"25":{"start":{"line":56,"column":2},"end":{"line":60,"column":5}},"26":{"start":{"line":57,"column":3},"end":{"line":60,"column":5}},"27":{"start":{"line":62,"column":2},"end":{"line":62,"column":23}},"28":{"start":{"line":67,"column":2},"end":{"line":67,"column":31}},"29":{"start":{"line":71,"column":2},"end":{"line":77,"column":3}},"30":{"start":{"line":72,"column":3},"end":{"line":76,"column":4}},"31":{"start":{"line":73,"column":4},"end":{"line":75,"column":5}},"32":{"start":{"line":74,"column":5},"end":{"line":74,"column":43}},"33":{"start":{"line":81,"column":19},"end":{"line":81,"column":20}},"34":{"start":{"line":83,"column":2},"end":{"line":85,"column":17}},"35":{"start":{"line":84,"column":3},"end":{"line":85,"column":17}},"36":{"start":{"line":85,"column":4},"end":{"line":85,"column":17}},"37":{"start":{"line":87,"column":2},"end":{"line":103,"column":3}},"38":{"start":{"line":88,"column":3},"end":{"line":88,"column":23}},"39":{"start":{"line":89,"column":3},"end":{"line":90,"column":59}},"40":{"start":{"line":90,"column":4},"end":{"line":90,"column":59}},"41":{"start":{"line":92,"column":14},"end":{"line":92,"column":16}},"42":{"start":{"line":93,"column":3},"end":{"line":94,"column":38}},"43":{"start":{"line":94,"column":4},"end":{"line":94,"column":38}},"44":{"start":{"line":96,"column":3},"end":{"line":98,"column":39}},"45":{"start":{"line":97,"column":4},"end":{"line":98,"column":39}},"46":{"start":{"line":98,"column":5},"end":{"line":98,"column":39}},"47":{"start":{"line":100,"column":3},"end":{"line":100,"column":29}},"48":{"start":{"line":102,"column":3},"end":{"line":102,"column":60}},"49":{"start":{"line":107,"column":2},"end":{"line":108,"column":11}},"50":{"start":{"line":108,"column":3},"end":{"line":108,"column":11}},"51":{"start":{"line":110,"column":2},"end":{"line":110,"column":22}},"52":{"start":{"line":111,"column":16},"end":{"line":111,"column":39}},"53":{"start":{"line":113,"column":2},"end":{"line":125,"column":3}},"54":{"start":{"line":115,"column":3},"end":{"line":117,"column":6}},"55":{"start":{"line":116,"column":4},"end":{"line":116,"column":27}},"56":{"start":{"line":119,"column":25},"end":{"line":123,"column":4}},"57":{"start":{"line":120,"column":4},"end":{"line":122,"column":41}},"58":{"start":{"line":121,"column":5},"end":{"line":122,"column":41}},"59":{"start":{"line":122,"column":6},"end":{"line":122,"column":41}},"60":{"start":{"line":124,"column":3},"end":{"line":124,"column":47}},"61":{"start":{"line":127,"column":2},"end":{"line":139,"column":19}},"62":{"start":{"line":129,"column":3},"end":{"line":129,"column":29}},"63":{"start":{"line":131,"column":3},"end":{"line":132,"column":18}},"64":{"start":{"line":132,"column":4},"end":{"line":132,"column":18}}},"fnMap":{"0":{"name":"(anonymous_0)","decl":{"start":{"line":6,"column":1},"end":{"line":6,"column":2}},"loc":{"start":{"line":6,"column":33},"end":{"line":15,"column":2}},"line":6},"1":{"name":"(anonymous_1)","decl":{"start":{"line":17,"column":1},"end":{"line":17,"column":2}},"loc":{"start":{"line":17,"column":17},"end":{"line":22,"column":2}},"line":17},"2":{"name":"(anonymous_2)","decl":{"start":{"line":19,"column":8},"end":{"line":19,"column":9}},"loc":{"start":{"line":19,"column":18},"end":{"line":20,"column":69}},"line":19},"3":{"name":"(anonymous_3)","decl":{"start":{"line":24,"column":1},"end":{"line":24,"column":2}},"loc":{"start":{"line":24,"column":17},"end":{"line":27,"column":2}},"line":24},"4":{"name":"(anonymous_4)","decl":{"start":{"line":29,"column":1},"end":{"line":29,"column":2}},"loc":{"start":{"line":29,"column":29},"end":{"line":40,"column":2}},"line":29},"5":{"name":"(anonymous_5)","decl":{"start":{"line":42,"column":1},"end":{"line":42,"column":2}},"loc":{"start":{"line":42,"column":17},"end":{"line":44,"column":2}},"line":42},"6":{"name":"(anonymous_6)","decl":{"start":{"line":46,"column":1},"end":{"line":46,"column":2}},"loc":{"start":{"line":46,"column":22},"end":{"line":64,"column":2}},"line":46},"7":{"name":"(anonymous_7)","decl":{"start":{"line":66,"column":1},"end":{"line":66,"column":2}},"loc":{"start":{"line":66,"column":16},"end":{"line":68,"column":2}},"line":66},"8":{"name":"(anonymous_8)","decl":{"start":{"line":70,"column":1},"end":{"line":70,"column":2}},"loc":{"start":{"line":70,"column":48},"end":{"line":78,"column":2}},"line":70},"9":{"name":"(anonymous_9)","decl":{"start":{"line":80,"column":1},"end":{"line":80,"column":2}},"loc":{"start":{"line":80,"column":22},"end":{"line":104,"column":2}},"line":80},"10":{"name":"(anonymous_10)","decl":{"start":{"line":106,"column":1},"end":{"line":106,"column":2}},"loc":{"start":{"line":106,"column":10},"end":{"line":140,"column":2}},"line":106},"11":{"name":"(anonymous_11)","decl":{"start":{"line":115,"column":42},"end":{"line":115,"column":43}},"loc":{"start":{"line":115,"column":51},"end":{"line":117,"column":4}},"line":115},"12":{"name":"(anonymous_12)","decl":{"start":{"line":119,"column":25},"end":{"line":119,"column":26}},"loc":{"start":{"line":119,"column":31},"end":{"line":123,"column":4}},"line":119},"13":{"name":"(anonymous_13)","decl":{"start":{"line":127,"column":30},"end":{"line":127,"column":31}},"loc":{"start":{"line":127,"column":36},"end":{"line":134,"column":3}},"line":127}},"branchMap":{"0":{"loc":{"start":{"line":20,"column":7},"end":{"line":20,"column":68}},"type":"cond-expr","locations":[{"start":{"line":20,"column":53},"end":{"line":20,"column":63}},{"start":{"line":20,"column":66},"end":{"line":20,"column":68}}],"line":20},"1":{"loc":{"start":{"line":35,"column":2},"end":{"line":36,"column":28}},"type":"if","locations":[{"start":{"line":35,"column":2},"end":{"line":36,"column":28}},{"start":{},"end":{}}],"line":35},"2":{"loc":{"start":{"line":35,"column":6},"end":{"line":35,"column":67}},"type":"binary-expr","locations":[{"start":{"line":35,"column":6},"end":{"line":35,"column":28}},{"start":{"line":35,"column":32},"end":{"line":35,"column":67}}],"line":35},"3":{"loc":{"start":{"line":53,"column":2},"end":{"line":54,"column":48}},"type":"if","locations":[{"start":{"line":53,"column":2},"end":{"line":54,"column":48}},{"start":{},"end":{}}],"line":53},"4":{"loc":{"start":{"line":56,"column":2},"end":{"line":60,"column":5}},"type":"if","locations":[{"start":{"line":56,"column":2},"end":{"line":60,"column":5}},{"start":{},"end":{}}],"line":56},"5":{"loc":{"start":{"line":56,"column":6},"end":{"line":56,"column":43}},"type":"binary-expr","locations":[{"start":{"line":56,"column":6},"end":{"line":56,"column":18}},{"start":{"line":56,"column":22},"end":{"line":56,"column":43}}],"line":56},"6":{"loc":{"start":{"line":71,"column":2},"end":{"line":77,"column":3}},"type":"if","locations":[{"start":{"line":71,"column":2},"end":{"line":77,"column":3}},{"start":{},"end":{}}],"line":71},"7":{"loc":{"start":{"line":73,"column":4},"end":{"line":75,"column":5}},"type":"if","locations":[{"start":{"line":73,"column":4},"end":{"line":75,"column":5}},{"start":{},"end":{}}],"line":73},"8":{"loc":{"start":{"line":84,"column":3},"end":{"line":85,"column":17}},"type":"if","locations":[{"start":{"line":84,"column":3},"end":{"line":85,"column":17}},{"start":{},"end":{}}],"line":84},"9":{"loc":{"start":{"line":87,"column":2},"end":{"line":103,"column":3}},"type":"if","locations":[{"start":{"line":87,"column":2},"end":{"line":103,"column":3}},{"start":{},"end":{}}],"line":87},"10":{"loc":{"start":{"line":87,"column":41},"end":{"line":87,"column":55}},"type":"cond-expr","locations":[{"start":{"line":87,"column":50},"end":{"line":87,"column":51}},{"start":{"line":87,"column":54},"end":{"line":87,"column":55}}],"line":87},"11":{"loc":{"start":{"line":97,"column":4},"end":{"line":98,"column":39}},"type":"if","locations":[{"start":{"line":97,"column":4},"end":{"line":98,"column":39}},{"start":{},"end":{}}],"line":97},"12":{"loc":{"start":{"line":107,"column":2},"end":{"line":108,"column":11}},"type":"if","locations":[{"start":{"line":107,"column":2},"end":{"line":108,"column":11}},{"start":{},"end":{}}],"line":107},"13":{"loc":{"start":{"line":121,"column":5},"end":{"line":122,"column":41}},"type":"if","locations":[{"start":{"line":121,"column":5},"end":{"line":122,"column":41}},{"start":{},"end":{}}],"line":121}},"s":{"0":1,"1":1,"2":1,"3":1,"4":1,"5":1,"6":1,"7":1,"8":1,"9":0,"10":1,"11":2,"12":2,"13":1,"14":1,"15":1,"16":1,"17":1,"18":1,"19":1,"20":1,"21":1,"22":1,"23":1,"24":1,"25":1,"26":0,"27":1,"28":1,"29":0,"30":0,"31":0,"32":0,"33":5,"34":5,"35":5,"36":0,"37":5,"38":0,"39":0,"40":0,"41":0,"42":0,"43":0,"44":0,"45":0,"46":0,"47":0,"48":0,"49":1,"50":0,"51":1,"52":1,"53":1,"54":1,"55":0,"56":1,"57":0,"58":0,"59":0,"60":1,"61":1,"62":5,"63":5,"64":5},"f":{"0":1,"1":1,"2":0,"3":2,"4":1,"5":1,"6":1,"7":1,"8":0,"9":5,"10":1,"11":0,"12":0,"13":5},"b":{"0":[0,0],"1":[1,0],"2":[1,0],"3":[1,0],"4":[0,1],"5":[1,1],"6":[0,0],"7":[0,0],"8":[0,5],"9":[0,5],"10":[5,0],"11":[0,0],"12":[0,1],"13":[0,0]},"inputSourceMap":null,"_coverageSchema":"1a1c01bbd47fc00a2c39e90264f33305004495a9","hash":"d8408a15f75f69b5e87acfc2d7e4f667d771f8a5"}
,"/Users/epfennig/Desktop/red-tetris/backend/src/mongodb.js": {"path":"/Users/epfennig/Desktop/red-tetris/backend/src/mongodb.js","statementMap":{"0":{"start":{"line":3,"column":12},"end":{"line":3,"column":143}},"1":{"start":{"line":4,"column":22},"end":{"line":9,"column":2}},"2":{"start":{"line":11,"column":0},"end":{"line":11,"column":23}},"3":{"start":{"line":13,"column":18},"end":{"line":13,"column":41}},"4":{"start":{"line":14,"column":24},"end":{"line":14,"column":47}}},"fnMap":{},"branchMap":{},"s":{"0":3,"1":3,"2":3,"3":3,"4":3},"f":{},"b":{},"inputSourceMap":null,"_coverageSchema":"1a1c01bbd47fc00a2c39e90264f33305004495a9","hash":"2333e38c9384d7f6e152e188134b949da399c198"}
}
