TN:
SF:src/Client.js
FN:2,(anonymous_0)
FN:7,(anonymous_1)
FN:10,(anonymous_2)
FN:14,(anonymous_3)
FN:17,(anonymous_4)
FN:21,(anonymous_5)
FN:24,(anonymous_6)
FN:27,(anonymous_7)
FNF:8
FNH:6
FNDA:1,(anonymous_0)
FNDA:11,(anonymous_1)
FNDA:1,(anonymous_2)
FNDA:6,(anonymous_3)
FNDA:2,(anonymous_4)
FNDA:0,(anonymous_5)
FNDA:0,(anonymous_6)
FNDA:1,(anonymous_7)
DA:3,1
DA:4,1
DA:5,1
DA:8,11
DA:11,1
DA:12,1
DA:15,6
DA:18,2
DA:19,2
DA:22,0
DA:25,0
DA:28,1
DA:29,2
DA:30,1
DA:31,1
LF:15
LH:13
BRF:0
BRH:0
end_of_record
TN:
SF:src/Piece.js
FN:2,(anonymous_0)
FN:6,(anonymous_1)
FN:9,(anonymous_2)
FN:15,(anonymous_3)
FN:37,(anonymous_4)
FN:38,(anonymous_5)
FN:72,(anonymous_6)
FN:83,(anonymous_7)
FN:86,(anonymous_8)
FN:87,(anonymous_9)
FN:106,(anonymous_10)
FN:111,(anonymous_11)
FNF:12
FNH:10
FNDA:14,(anonymous_0)
FNDA:51,(anonymous_1)
FNDA:6,(anonymous_2)
FNDA:101,(anonymous_3)
FNDA:0,(anonymous_4)
FNDA:0,(anonymous_5)
FNDA:95,(anonymous_6)
FNDA:95,(anonymous_7)
FNDA:10,(anonymous_8)
FNDA:200,(anonymous_9)
FNDA:33,(anonymous_10)
FNDA:8,(anonymous_11)
DA:3,14
DA:4,14
DA:5,14
DA:6,51
DA:7,14
DA:10,6
DA:11,6
DA:12,6
DA:13,6
DA:16,101
DA:18,383
DA:20,1508
DA:21,1508
DA:22,1125
DA:24,383
DA:25,383
DA:26,383
DA:32,8
DA:35,93
DA:38,0
DA:39,0
DA:40,0
DA:41,0
DA:44,0
DA:50,0
DA:57,0
DA:61,0
DA:63,0
DA:64,0
DA:66,0
DA:67,0
DA:70,0
DA:73,95
DA:74,95
DA:75,95
DA:77,5
DA:78,5
DA:79,5
DA:81,90
DA:84,95
DA:87,200
DA:88,10
DA:90,40
DA:92,160
DA:94,40
DA:95,40
DA:96,40
DA:97,40
DA:101,10
DA:107,33
DA:108,33
DA:109,33
DA:112,8
DA:113,8
DA:114,8
DA:118,4
LF:56
LH:43
BRDA:21,0,0,1125
BRDA:21,0,1,383
BRDA:26,1,0,8
BRDA:26,1,1,375
BRDA:27,2,0,383
BRDA:27,2,1,383
BRDA:27,2,2,381
BRDA:27,2,3,376
BRDA:57,3,0,0
BRDA:57,3,1,0
BRDA:64,4,0,0
BRDA:64,4,1,0
BRDA:75,5,0,5
BRDA:75,5,1,90
BRDA:92,6,0,40
BRDA:92,6,1,120
BRDA:96,7,0,40
BRDA:96,7,1,0
BRF:18
BRH:13
end_of_record
TN:
SF:src/Player.js
FN:1,emptyBoard
FN:4,(anonymous_1)
FN:8,makeShadow
FN:16,draw
FN:26,(anonymous_4)
FN:45,(anonymous_5)
FN:60,(anonymous_6)
FN:61,(anonymous_7)
FN:81,(anonymous_8)
FN:90,(anonymous_9)
FN:94,(anonymous_10)
FN:126,(anonymous_11)
FN:126,(anonymous_12)
FN:144,(anonymous_13)
FNF:14
FNH:9
FNDA:6,emptyBoard
FNDA:120,(anonymous_1)
FNDA:5,makeShadow
FNDA:5,draw
FNDA:1,(anonymous_4)
FNDA:5,(anonymous_5)
FNDA:0,(anonymous_6)
FNDA:0,(anonymous_7)
FNDA:1,(anonymous_8)
FNDA:0,(anonymous_9)
FNDA:5,(anonymous_10)
FNDA:0,(anonymous_11)
FNDA:0,(anonymous_12)
FNDA:1,(anonymous_13)
DA:2,6
DA:4,120
DA:5,6
DA:9,5
DA:10,5
DA:11,5
DA:13,5
DA:18,5
DA:20,5
DA:21,5
DA:22,5
DA:27,1
DA:28,1
DA:29,1
DA:30,1
DA:31,1
DA:33,1
DA:34,1
DA:35,1
DA:36,1
DA:37,1
DA:39,1
DA:40,1
DA:42,1
DA:46,5
DA:48,5
DA:61,0
DA:62,0
DA:63,0
DA:64,0
DA:65,0
DA:68,0
DA:82,1
DA:83,1
DA:84,0
DA:85,0
DA:87,1
DA:91,0
DA:95,5
DA:96,0
DA:97,5
DA:99,1
DA:101,1
DA:102,1
DA:104,1
DA:106,0
DA:107,0
DA:108,0
DA:112,0
DA:113,0
DA:117,5
DA:118,5
DA:120,5
DA:122,0
DA:123,0
DA:125,0
DA:126,0
DA:129,0
DA:130,0
DA:131,0
DA:133,0
DA:134,0
DA:136,0
DA:138,0
DA:140,5
DA:141,5
DA:145,1
DA:146,1
DA:148,0
DA:149,0
DA:150,0
DA:151,0
DA:152,0
DA:153,0
DA:154,0
DA:156,0
DA:157,0
DA:159,0
DA:160,0
DA:161,0
DA:163,0
DA:165,0
DA:166,0
LF:83
LH:42
BRDA:63,0,0,0
BRDA:63,0,1,0
BRDA:63,1,0,0
BRDA:63,1,1,0
BRDA:95,2,0,0
BRDA:95,2,1,5
BRDA:97,3,0,1
BRDA:97,3,1,4
BRDA:104,4,0,0
BRDA:104,4,1,1
BRDA:120,5,0,0
BRDA:120,5,1,5
BRDA:126,6,0,0
BRDA:126,6,1,0
BRDA:126,6,2,0
BRDA:145,7,0,1
BRDA:145,7,1,0
BRDA:148,8,0,0
BRDA:148,8,1,0
BRDA:150,9,0,0
BRDA:150,9,1,0
BRDA:152,10,0,0
BRDA:152,10,1,0
BRDA:154,11,0,0
BRDA:154,11,1,0
BRDA:159,12,0,0
BRDA:159,12,1,0
BRF:27
BRH:6
end_of_record
TN:
SF:src/Sequence.js
FN:4,(anonymous_0)
FN:24,(anonymous_1)
FNF:2
FNH:2
FNDA:2,(anonymous_0)
FNDA:13,(anonymous_1)
DA:5,2
DA:7,2
DA:8,33
DA:9,33
DA:12,33
DA:15,231
DA:16,231
DA:19,231
DA:21,33
DA:25,13
LF:10
LH:10
BRDA:4,0,0,1
BRF:1
BRH:1
end_of_record
TN:
SF:src/game.js
FN:6,(anonymous_0)
FN:17,(anonymous_1)
FN:19,(anonymous_2)
FN:24,(anonymous_3)
FN:29,(anonymous_4)
FN:42,(anonymous_5)
FN:46,(anonymous_6)
FN:66,(anonymous_7)
FN:70,(anonymous_8)
FN:80,(anonymous_9)
FN:106,(anonymous_10)
FN:115,(anonymous_11)
FN:119,(anonymous_12)
FN:127,(anonymous_13)
FNF:14
FNH:10
FNDA:1,(anonymous_0)
FNDA:1,(anonymous_1)
FNDA:0,(anonymous_2)
FNDA:2,(anonymous_3)
FNDA:1,(anonymous_4)
FNDA:1,(anonymous_5)
FNDA:1,(anonymous_6)
FNDA:1,(anonymous_7)
FNDA:0,(anonymous_8)
FNDA:5,(anonymous_9)
FNDA:1,(anonymous_10)
FNDA:0,(anonymous_11)
FNDA:0,(anonymous_12)
FNDA:5,(anonymous_13)
DA:7,1
DA:8,1
DA:9,1
DA:10,1
DA:11,1
DA:12,1
DA:13,1
DA:14,1
DA:18,1
DA:19,0
DA:21,1
DA:25,2
DA:26,2
DA:31,1
DA:33,1
DA:35,1
DA:36,1
DA:38,1
DA:39,1
DA:43,1
DA:47,1
DA:49,1
DA:51,1
DA:53,1
DA:54,1
DA:56,1
DA:57,0
DA:62,1
DA:67,1
DA:71,0
DA:72,0
DA:73,0
DA:74,0
DA:81,5
DA:83,5
DA:84,5
DA:85,0
DA:87,5
DA:88,0
DA:89,0
DA:90,0
DA:92,0
DA:93,0
DA:94,0
DA:96,0
DA:97,0
DA:98,0
DA:100,0
DA:102,0
DA:107,1
DA:108,0
DA:110,1
DA:111,1
DA:113,1
DA:115,1
DA:116,0
DA:119,1
DA:120,0
DA:121,0
DA:122,0
DA:124,1
DA:127,1
DA:129,5
DA:131,5
DA:132,5
LF:65
LH:42
BRDA:20,0,0,0
BRDA:20,0,1,0
BRDA:35,1,0,1
BRDA:35,1,1,0
BRDA:35,2,0,1
BRDA:35,2,1,0
BRDA:53,3,0,1
BRDA:53,3,1,0
BRDA:56,4,0,0
BRDA:56,4,1,1
BRDA:56,5,0,1
BRDA:56,5,1,1
BRDA:71,6,0,0
BRDA:71,6,1,0
BRDA:73,7,0,0
BRDA:73,7,1,0
BRDA:84,8,0,0
BRDA:84,8,1,5
BRDA:87,9,0,0
BRDA:87,9,1,5
BRDA:87,10,0,5
BRDA:87,10,1,0
BRDA:97,11,0,0
BRDA:97,11,1,0
BRDA:107,12,0,0
BRDA:107,12,1,1
BRDA:121,13,0,0
BRDA:121,13,1,0
BRF:28
BRH:10
end_of_record
TN:
SF:src/mongodb.js
FNF:0
FNH:0
DA:3,3
DA:4,3
DA:11,3
DA:13,3
DA:14,3
LF:5
LH:5
BRF:0
BRH:0
end_of_record
